<?xml version="1.0" encoding="UTF-8"?>
<testng-results skipped="0" failed="0" total="1" passed="1">
  <reporter-output>
  </reporter-output>
  <suite name="Default suite" duration-ms="6946177" started-at="2018-08-31T08:54:31Z" finished-at="2018-08-31T10:50:17Z">
    <groups>
    </groups>
    <test name="Default test" duration-ms="6946177" started-at="2018-08-31T08:54:31Z" finished-at="2018-08-31T10:50:17Z">
      <class name="com.aut.cura.BookAppointmentWithoutLogin">
        <test-method status="PASS" signature="beforeMethod()[pri:0, instance:com.aut.cura.BookAppointmentWithoutLogin@222545dc]" name="beforeMethod" is-config="true" duration-ms="25379" started-at="2018-08-31T14:24:31Z" finished-at="2018-08-31T14:24:57Z">
          <reporter-output>
          </reporter-output>
        </test-method> <!-- beforeMethod -->
        <test-method status="PASS" signature="testMethod_bookAppintmentWithHospitalReadmission(java.lang.String, java.lang.String, java.lang.String, java.lang.String, java.lang.String, java.lang.String)[pri:0, instance:com.aut.cura.BookAppointmentWithoutLogin@222545dc]" name="testMethod_bookAppintmentWithHospitalReadmission" duration-ms="6920426" started-at="2018-08-31T14:24:57Z" data-provider="data" finished-at="2018-08-31T16:20:17Z">
          <params>
            <param index="0">
              <value>
                <![CDATA[John Doe]]>
              </value>
            </param>
            <param index="1">
              <value>
                <![CDATA[ThisIsNotAPassword]]>
              </value>
            </param>
            <param index="2">
              <value>
                <![CDATA[Tokyo CURA Healthcare Center]]>
              </value>
            </param>
            <param index="3">
              <value>
                <![CDATA[31-24-2018]]>
              </value>
            </param>
            <param index="4">
              <value>
                <![CDATA[HNiGXz]]>
              </value>
            </param>
            <param index="5">
              <value>
                <![CDATA[Medicare]]>
              </value>
            </param>
          </params>
          <reporter-output>
          </reporter-output>
        </test-method> <!-- testMethod_bookAppintmentWithHospitalReadmission -->
        <test-method status="PASS" signature="afterMethod()[pri:0, instance:com.aut.cura.BookAppointmentWithoutLogin@222545dc]" name="afterMethod" is-config="true" duration-ms="153" started-at="2018-08-31T16:20:17Z" finished-at="2018-08-31T16:20:17Z">
          <reporter-output>
          </reporter-output>
        </test-method> <!-- afterMethod -->
      </class> <!-- com.aut.cura.BookAppointmentWithoutLogin -->
    </test> <!-- Default test -->
  </suite> <!-- Default suite -->
</testng-results>
